This file contains any messages produced by compilers while
running configure, to aid debugging if configure makes a mistake.

It was created by bm configure 1.15.0-f16d0de3, which was
generated by GNU Autoconf 2.69.  Invocation command line was

  $ ./configure CXXFLAGS=-g -O3 CFLAGS=-g -O3 --disable-logging-macros --disable-elogger

## --------- ##
## Platform. ##
## --------- ##

hostname = ubuntu
uname -m = aarch64
uname -r = 5.4.0-1052-raspi
uname -s = Linux
uname -v = #58-Ubuntu SMP PREEMPT Mon Feb 7 16:52:35 UTC 2022

/usr/bin/uname -p = aarch64
/bin/uname -X     = unknown

/bin/arch              = aarch64
/usr/bin/arch -k       = unknown
/usr/convex/getsysinfo = unknown
/usr/bin/hostinfo      = unknown
/bin/machine           = unknown
/usr/bin/oslevel       = unknown
/bin/universe          = unknown

PATH: /usr/local/sbin
PATH: /usr/local/bin
PATH: /usr/sbin
PATH: /usr/bin
PATH: /sbin
PATH: /bin
PATH: /usr/games
PATH: /usr/local/games
PATH: /snap/bin


## ----------- ##
## Core tests. ##
## ----------- ##

configure:2660: checking for a BSD-compatible install
configure:2728: result: /usr/bin/install -c
configure:2739: checking whether build environment is sane
configure:2794: result: yes
configure:2943: checking for a thread-safe mkdir -p
configure:2982: result: /usr/bin/mkdir -p
configure:2989: checking for gawk
configure:3005: found /usr/bin/gawk
configure:3016: result: gawk
configure:3027: checking whether make sets $(MAKE)
configure:3049: result: yes
configure:3078: checking whether make supports nested variables
configure:3095: result: yes
configure:3265: checking for a Python interpreter with version >= 3.5
configure:3282: python3 -c import sys # split strings by '.' and convert to numeric. Append some zeros # because we need at least 4 digits for the hex conversion. # map returns an iterator in Python 3.0 and a list in 2.x minver = list(map(int, '3.5'.split('.'))) + [0, 0, 0] minverhex = 0 # xrange is not present in Python 3.0 and range returns an iterator for i in list(range(0, 4)): minverhex = (minverhex << 8) + minver[i] sys.exit(sys.hexversion < minverhex)
configure:3285: $? = 0
configure:3291: result: python3
configure:3299: checking for python3
configure:3317: found /usr/bin/python3
configure:3329: result: /usr/bin/python3
configure:3347: checking for python3 version
configure:3354: result: 3.8
configure:3366: checking for python3 platform
configure:3373: result: linux
configure:3399: checking for python3 script directory
configure:3434: result: ${prefix}/lib/python3.8/site-packages
configure:3443: checking for python3 extension module directory
configure:3478: result: ${exec_prefix}/lib/python3.8/site-packages
configure:3777: checking for g++
configure:3793: found /usr/bin/g++
configure:3804: result: g++
configure:3831: checking for C++ compiler version
configure:3840: g++ --version >&5
g++ (Ubuntu 9.4.0-1ubuntu1~20.04.1) 9.4.0
Copyright (C) 2019 Free Software Foundation, Inc.
This is free software; see the source for copying conditions.  There is NO
warranty; not even for MERCHANTABILITY or FITNESS FOR A PARTICULAR PURPOSE.

configure:3851: $? = 0
configure:3840: g++ -v >&5
Using built-in specs.
COLLECT_GCC=g++
COLLECT_LTO_WRAPPER=/usr/lib/gcc/aarch64-linux-gnu/9/lto-wrapper
Target: aarch64-linux-gnu
Configured with: ../src/configure -v --with-pkgversion='Ubuntu 9.4.0-1ubuntu1~20.04.1' --with-bugurl=file:///usr/share/doc/gcc-9/README.Bugs --enable-languages=c,ada,c++,go,d,fortran,objc,obj-c++,gm2 --prefix=/usr --with-gcc-major-version-only --program-suffix=-9 --program-prefix=aarch64-linux-gnu- --enable-shared --enable-linker-build-id --libexecdir=/usr/lib --without-included-gettext --enable-threads=posix --libdir=/usr/lib --enable-nls --enable-clocale=gnu --enable-libstdcxx-debug --enable-libstdcxx-time=yes --with-default-libstdcxx-abi=new --enable-gnu-unique-object --disable-libquadmath --disable-libquadmath-support --enable-plugin --enable-default-pie --with-system-zlib --with-target-system-zlib=auto --enable-objc-gc=auto --enable-multiarch --enable-fix-cortex-a53-843419 --disable-werror --enable-checking=release --build=aarch64-linux-gnu --host=aarch64-linux-gnu --target=aarch64-linux-gnu
Thread model: posix
gcc version 9.4.0 (Ubuntu 9.4.0-1ubuntu1~20.04.1) 
configure:3851: $? = 0
configure:3840: g++ -V >&5
g++: error: unrecognized command line option '-V'
g++: fatal error: no input files
compilation terminated.
configure:3851: $? = 1
configure:3840: g++ -qversion >&5
g++: error: unrecognized command line option '-qversion'; did you mean '--version'?
g++: fatal error: no input files
compilation terminated.
configure:3851: $? = 1
configure:3871: checking whether the C++ compiler works
configure:3893: g++ -g -O3   conftest.cpp  >&5
configure:3897: $? = 0
configure:3945: result: yes
configure:3948: checking for C++ compiler default output file name
configure:3950: result: a.out
configure:3956: checking for suffix of executables
configure:3963: g++ -o conftest -g -O3   conftest.cpp  >&5
configure:3967: $? = 0
configure:3989: result: 
configure:4011: checking whether we are cross compiling
configure:4019: g++ -o conftest -g -O3   conftest.cpp  >&5
configure:4023: $? = 0
configure:4030: ./conftest
configure:4034: $? = 0
configure:4022: result: no
configure:4027: checking for suffix of object files
configure:4049: g++ -c -g -O3  conftest.cpp >&5
configure:4053: $? = 0
configure:4074: result: o
configure:4078: checking whether we are using the GNU C++ compiler
configure:4097: g++ -c -g -O3  conftest.cpp >&5
configure:4097: $? = 0
configure:4106: result: yes
configure:4115: checking whether g++ accepts -g
configure:4135: g++ -c -g  conftest.cpp >&5
configure:4135: $? = 0
configure:4176: result: yes
configure:4202: checking whether make supports the include directive
configure:4217: make -f confmf.GNU && cat confinc.out
this is the am__doit target
configure:4220: $? = 0
configure:4239: result: yes (GNU style)
configure:4264: checking dependency style of g++
configure:4375: result: gcc3
configure:4438: checking for gcc
configure:4454: found /usr/bin/gcc
configure:4465: result: gcc
configure:4694: checking for C compiler version
configure:4703: gcc --version >&5
gcc (Ubuntu 9.4.0-1ubuntu1~20.04.1) 9.4.0
Copyright (C) 2019 Free Software Foundation, Inc.
This is free software; see the source for copying conditions.  There is NO
warranty; not even for MERCHANTABILITY or FITNESS FOR A PARTICULAR PURPOSE.

configure:4714: $? = 0
configure:4703: gcc -v >&5
Using built-in specs.
COLLECT_GCC=gcc
COLLECT_LTO_WRAPPER=/usr/lib/gcc/aarch64-linux-gnu/9/lto-wrapper
Target: aarch64-linux-gnu
Configured with: ../src/configure -v --with-pkgversion='Ubuntu 9.4.0-1ubuntu1~20.04.1' --with-bugurl=file:///usr/share/doc/gcc-9/README.Bugs --enable-languages=c,ada,c++,go,d,fortran,objc,obj-c++,gm2 --prefix=/usr --with-gcc-major-version-only --program-suffix=-9 --program-prefix=aarch64-linux-gnu- --enable-shared --enable-linker-build-id --libexecdir=/usr/lib --without-included-gettext --enable-threads=posix --libdir=/usr/lib --enable-nls --enable-clocale=gnu --enable-libstdcxx-debug --enable-libstdcxx-time=yes --with-default-libstdcxx-abi=new --enable-gnu-unique-object --disable-libquadmath --disable-libquadmath-support --enable-plugin --enable-default-pie --with-system-zlib --with-target-system-zlib=auto --enable-objc-gc=auto --enable-multiarch --enable-fix-cortex-a53-843419 --disable-werror --enable-checking=release --build=aarch64-linux-gnu --host=aarch64-linux-gnu --target=aarch64-linux-gnu
Thread model: posix
gcc version 9.4.0 (Ubuntu 9.4.0-1ubuntu1~20.04.1) 
configure:4714: $? = 0
configure:4703: gcc -V >&5
gcc: error: unrecognized command line option '-V'
gcc: fatal error: no input files
compilation terminated.
configure:4714: $? = 1
configure:4703: gcc -qversion >&5
gcc: error: unrecognized command line option '-qversion'; did you mean '--version'?
gcc: fatal error: no input files
compilation terminated.
configure:4714: $? = 1
configure:4718: checking whether we are using the GNU C compiler
configure:4737: gcc -c -g -O3  conftest.c >&5
configure:4737: $? = 0
configure:4746: result: yes
configure:4755: checking whether gcc accepts -g
configure:4775: gcc -c -g  conftest.c >&5
configure:4775: $? = 0
configure:4816: result: yes
configure:4833: checking for gcc option to accept ISO C89
configure:4896: gcc  -c -g -O3  conftest.c >&5
configure:4896: $? = 0
configure:4909: result: none needed
configure:4934: checking whether gcc understands -c and -o together
configure:4956: gcc -c conftest.c -o conftest2.o
configure:4959: $? = 0
configure:4956: gcc -c conftest.c -o conftest2.o
configure:4959: $? = 0
configure:4971: result: yes
configure:4990: checking dependency style of gcc
configure:5101: result: gcc3
configure:5145: checking build system type
configure:5159: result: aarch64-unknown-linux-gnu
configure:5179: checking host system type
configure:5192: result: aarch64-unknown-linux-gnu
configure:5233: checking how to print strings
configure:5260: result: printf
configure:5281: checking for a sed that does not truncate output
configure:5345: result: /usr/bin/sed
configure:5363: checking for grep that handles long lines and -e
configure:5421: result: /usr/bin/grep
configure:5426: checking for egrep
configure:5488: result: /usr/bin/grep -E
configure:5493: checking for fgrep
configure:5555: result: /usr/bin/grep -F
configure:5590: checking for ld used by gcc
configure:5657: result: /usr/bin/ld
configure:5664: checking if the linker (/usr/bin/ld) is GNU ld
configure:5679: result: yes
configure:5691: checking for BSD- or MS-compatible name lister (nm)
configure:5745: result: /usr/bin/nm -B
configure:5875: checking the name lister (/usr/bin/nm -B) interface
configure:5882: gcc -c -g -O3  conftest.c >&5
configure:5885: /usr/bin/nm -B "conftest.o"
configure:5888: output
0000000000000000 B some_variable
configure:5889: result: BSD nm
configure:5892: checking whether ln -s works
configure:5896: result: yes
configure:5904: checking the maximum length of command line arguments
configure:6035: result: 1572864
configure:6083: checking how to convert aarch64-unknown-linux-gnu file names to aarch64-unknown-linux-gnu format
configure:6123: result: func_convert_file_noop
configure:6130: checking how to convert aarch64-unknown-linux-gnu file names to toolchain format
configure:6150: result: func_convert_file_noop
configure:6157: checking for /usr/bin/ld option to reload object files
configure:6164: result: -r
configure:6238: checking for objdump
configure:6254: found /usr/bin/objdump
configure:6265: result: objdump
configure:6297: checking how to recognize dependent libraries
configure:6497: result: pass_all
configure:6582: checking for dlltool
configure:6612: result: no
configure:6642: checking how to associate runtime and link libraries
configure:6669: result: printf %s\n
configure:6730: checking for ar
configure:6746: found /usr/bin/ar
configure:6757: result: ar
configure:6794: checking for archiver @FILE support
configure:6811: gcc -c -g -O3  conftest.c >&5
configure:6811: $? = 0
configure:6814: ar cr libconftest.a @conftest.lst >&5
configure:6817: $? = 0
configure:6822: ar cr libconftest.a @conftest.lst >&5
ar: conftest.o: No such file or directory
configure:6825: $? = 1
configure:6824: result: @
configure:6882: checking for strip
configure:6898: found /usr/bin/strip
configure:6909: result: strip
configure:6981: checking for ranlib
configure:6997: found /usr/bin/ranlib
configure:7008: result: ranlib
configure:7110: checking command to parse /usr/bin/nm -B output from gcc object
configure:7263: gcc -c -g -O3  conftest.c >&5
configure:7266: $? = 0
configure:7270: /usr/bin/nm -B conftest.o | sed -n -e 's/^.*[	 ]\([ABCDGIRSTW][ABCDGIRSTW]*\)[	 ][	 ]*\([_A-Za-z][_A-Za-z0-9]*\)$/\1 \2 \2/p' | sed '/ __gnu_lto/d' > conftest.nm
configure:7336: gcc -o conftest -g -O3   conftest.c conftstm.o >&5
configure:7339: $? = 0
configure:7377: result: ok
configure:7424: checking for sysroot
configure:7454: result: no
configure:7461: checking for a working dd
configure:7499: result: /usr/bin/dd
configure:7503: checking how to truncate binary pipes
configure:7518: result: /usr/bin/dd bs=4096 count=1
configure:7847: checking for mt
configure:7863: found /usr/bin/mt
configure:7874: result: mt
configure:7897: checking if mt is a manifest tool
configure:7903: mt '-?'
configure:7911: result: no
configure:8588: checking how to run the C preprocessor
configure:8619: gcc -E  conftest.c
configure:8619: $? = 0
configure:8633: gcc -E  conftest.c
conftest.c:12:10: fatal error: ac_nonexistent.h: No such file or directory
   12 | #include <ac_nonexistent.h>
      |          ^~~~~~~~~~~~~~~~~~
compilation terminated.
configure:8633: $? = 1
configure: failed program was:
| /* confdefs.h */
| #define PACKAGE_NAME "bm"
| #define PACKAGE_TARNAME "bm"
| #define PACKAGE_VERSION "1.15.0-f16d0de3"
| #define PACKAGE_STRING "bm 1.15.0-f16d0de3"
| #define PACKAGE_BUGREPORT "antonin@barefootnetworks.com"
| #define PACKAGE_URL ""
| #define PACKAGE "bm"
| #define VERSION "1.15.0-f16d0de3"
| #define WP4_16_STACKS /**/
| /* end confdefs.h.  */
| #include <ac_nonexistent.h>
configure:8658: result: gcc -E
configure:8678: gcc -E  conftest.c
configure:8678: $? = 0
configure:8692: gcc -E  conftest.c
conftest.c:12:10: fatal error: ac_nonexistent.h: No such file or directory
   12 | #include <ac_nonexistent.h>
      |          ^~~~~~~~~~~~~~~~~~
compilation terminated.
configure:8692: $? = 1
configure: failed program was:
| /* confdefs.h */
| #define PACKAGE_NAME "bm"
| #define PACKAGE_TARNAME "bm"
| #define PACKAGE_VERSION "1.15.0-f16d0de3"
| #define PACKAGE_STRING "bm 1.15.0-f16d0de3"
| #define PACKAGE_BUGREPORT "antonin@barefootnetworks.com"
| #define PACKAGE_URL ""
| #define PACKAGE "bm"
| #define VERSION "1.15.0-f16d0de3"
| #define WP4_16_STACKS /**/
| /* end confdefs.h.  */
| #include <ac_nonexistent.h>
configure:8721: checking for ANSI C header files
configure:8741: gcc -c -g -O3  conftest.c >&5
configure:8741: $? = 0
configure:8814: gcc -o conftest -g -O3   conftest.c  >&5
configure:8814: $? = 0
configure:8814: ./conftest
configure:8814: $? = 0
configure:8825: result: yes
configure:8838: checking for sys/types.h
configure:8838: gcc -c -g -O3  conftest.c >&5
configure:8838: $? = 0
configure:8838: result: yes
configure:8838: checking for sys/stat.h
configure:8838: gcc -c -g -O3  conftest.c >&5
configure:8838: $? = 0
configure:8838: result: yes
configure:8838: checking for stdlib.h
configure:8838: gcc -c -g -O3  conftest.c >&5
configure:8838: $? = 0
configure:8838: result: yes
configure:8838: checking for string.h
configure:8838: gcc -c -g -O3  conftest.c >&5
configure:8838: $? = 0
configure:8838: result: yes
configure:8838: checking for memory.h
configure:8838: gcc -c -g -O3  conftest.c >&5
configure:8838: $? = 0
configure:8838: result: yes
configure:8838: checking for strings.h
configure:8838: gcc -c -g -O3  conftest.c >&5
configure:8838: $? = 0
configure:8838: result: yes
configure:8838: checking for inttypes.h
configure:8838: gcc -c -g -O3  conftest.c >&5
configure:8838: $? = 0
configure:8838: result: yes
configure:8838: checking for stdint.h
configure:8838: gcc -c -g -O3  conftest.c >&5
configure:8838: $? = 0
configure:8838: result: yes
configure:8838: checking for unistd.h
configure:8838: gcc -c -g -O3  conftest.c >&5
configure:8838: $? = 0
configure:8838: result: yes
configure:8852: checking for dlfcn.h
configure:8852: gcc -c -g -O3  conftest.c >&5
configure:8852: $? = 0
configure:8852: result: yes
configure:9119: checking for objdir
configure:9134: result: .libs
configure:9398: checking if gcc supports -fno-rtti -fno-exceptions
configure:9416: gcc -c -g -O3  -fno-rtti -fno-exceptions conftest.c >&5
cc1: warning: command line option '-fno-rtti' is valid for C++/D/ObjC++ but not for C
configure:9420: $? = 0
configure:9433: result: no
configure:9797: checking for gcc option to produce PIC
configure:9804: result: -fPIC -DPIC
configure:9812: checking if gcc PIC flag -fPIC -DPIC works
configure:9830: gcc -c -g -O3  -fPIC -DPIC -DPIC conftest.c >&5
configure:9834: $? = 0
configure:9847: result: yes
configure:9876: checking if gcc static flag -static works
configure:9904: result: yes
configure:9919: checking if gcc supports -c -o file.o
configure:9940: gcc -c -g -O3  -o out/conftest2.o conftest.c >&5
configure:9944: $? = 0
configure:9966: result: yes
configure:9974: checking if gcc supports -c -o file.o
configure:10021: result: yes
configure:10054: checking whether the gcc linker (/usr/bin/ld) supports shared libraries
configure:11317: result: yes
configure:11354: checking whether -lc should be explicitly linked in
configure:11362: gcc -c -g -O3  conftest.c >&5
configure:11365: $? = 0
configure:11380: gcc -shared  -fPIC -DPIC conftest.o  -v -Wl,-soname -Wl,conftest -o conftest 2\>\&1 \| /usr/bin/grep  -lc  \>/dev/null 2\>\&1
configure:11383: $? = 0
configure:11397: result: no
configure:11557: checking dynamic linker characteristics
configure:12138: gcc -o conftest -g -O3   -Wl,-rpath -Wl,/foo conftest.c  >&5
configure:12138: $? = 0
configure:12387: result: GNU/Linux ld.so
configure:12509: checking how to hardcode library paths into programs
configure:12534: result: immediate
configure:13082: checking whether stripping libraries is possible
configure:13087: result: yes
configure:13122: checking if libtool supports shared libraries
configure:13124: result: yes
configure:13127: checking whether to build shared libraries
configure:13152: result: yes
configure:13155: checking whether to build static libraries
configure:13159: result: yes
configure:9958: checking how to run the C++ preprocessor
configure:9985: g++ -E  conftest.cpp
configure:9985: $? = 0
configure:9999: g++ -E  conftest.cpp
conftest.cpp:24:10: fatal error: ac_nonexistent.h: No such file or directory
   24 | #include <ac_nonexistent.h>
      |          ^~~~~~~~~~~~~~~~~~
compilation terminated.
configure:9999: $? = 1
configure: failed program was:
| /* confdefs.h */
| #define PACKAGE_NAME "bm"
| #define PACKAGE_TARNAME "bm"
| #define PACKAGE_VERSION "1.15.0-f16d0de3"
| #define PACKAGE_STRING "bm 1.15.0-f16d0de3"
| #define PACKAGE_BUGREPORT "antonin@barefootnetworks.com"
| #define PACKAGE_URL ""
| #define PACKAGE "bm"
| #define VERSION "1.15.0-f16d0de3"
| #define WP4_16_STACKS /**/
| #define STDC_HEADERS 1
| #define HAVE_SYS_TYPES_H 1
| #define HAVE_SYS_STAT_H 1
| #define HAVE_STDLIB_H 1
| #define HAVE_STRING_H 1
| #define HAVE_MEMORY_H 1
| #define HAVE_STRINGS_H 1
| #define HAVE_INTTYPES_H 1
| #define HAVE_STDINT_H 1
| #define HAVE_UNISTD_H 1
| #define HAVE_DLFCN_H 1
| #define LT_OBJDIR ".libs/"
| /* end confdefs.h.  */
| #include <ac_nonexistent.h>
configure:10024: result: g++ -E
configure:10044: g++ -E  conftest.cpp
configure:10044: $? = 0
configure:10058: g++ -E  conftest.cpp
conftest.cpp:24:10: fatal error: ac_nonexistent.h: No such file or directory
   24 | #include <ac_nonexistent.h>
      |          ^~~~~~~~~~~~~~~~~~
compilation terminated.
configure:10058: $? = 1
configure: failed program was:
| /* confdefs.h */
| #define PACKAGE_NAME "bm"
| #define PACKAGE_TARNAME "bm"
| #define PACKAGE_VERSION "1.15.0-f16d0de3"
| #define PACKAGE_STRING "bm 1.15.0-f16d0de3"
| #define PACKAGE_BUGREPORT "antonin@barefootnetworks.com"
| #define PACKAGE_URL ""
| #define PACKAGE "bm"
| #define VERSION "1.15.0-f16d0de3"
| #define WP4_16_STACKS /**/
| #define STDC_HEADERS 1
| #define HAVE_SYS_TYPES_H 1
| #define HAVE_SYS_STAT_H 1
| #define HAVE_STDLIB_H 1
| #define HAVE_STRING_H 1
| #define HAVE_MEMORY_H 1
| #define HAVE_STRINGS_H 1
| #define HAVE_INTTYPES_H 1
| #define HAVE_STDINT_H 1
| #define HAVE_UNISTD_H 1
| #define HAVE_DLFCN_H 1
| #define LT_OBJDIR ".libs/"
| /* end confdefs.h.  */
| #include <ac_nonexistent.h>
configure:10220: checking for ld used by g++
configure:10287: result: /usr/bin/ld
configure:10294: checking if the linker (/usr/bin/ld) is GNU ld
configure:10309: result: yes
configure:10364: checking whether the g++ linker (/usr/bin/ld) supports shared libraries
configure:11437: result: yes
configure:11473: g++ -c -g -O3  conftest.cpp >&5
configure:11476: $? = 0
configure:11957: checking for g++ option to produce PIC
configure:11964: result: -fPIC -DPIC
configure:11972: checking if g++ PIC flag -fPIC -DPIC works
configure:11990: g++ -c -g -O3  -fPIC -DPIC -DPIC conftest.cpp >&5
configure:11994: $? = 0
configure:12007: result: yes
configure:12030: checking if g++ static flag -static works
configure:12058: result: yes
configure:12070: checking if g++ supports -c -o file.o
configure:12091: g++ -c -g -O3  -o out/conftest2.o conftest.cpp >&5
configure:12095: $? = 0
configure:12117: result: yes
configure:12122: checking if g++ supports -c -o file.o
configure:12169: result: yes
configure:12199: checking whether the g++ linker (/usr/bin/ld) supports shared libraries
configure:12242: result: yes
configure:12383: checking dynamic linker characteristics
configure:13140: result: GNU/Linux ld.so
configure:13205: checking how to hardcode library paths into programs
configure:13230: result: immediate
configure:12133: checking whether g++ supports C++11 features by default
configure:12159: g++ -c -g -O3  conftest.cpp >&5
configure:12159: $? = 0
configure:12166: result: yes
configure:12273: checking for thrift
configure:12291: found /usr/bin/thrift
configure:12303: result: /usr/bin/thrift
configure:12313: checking thrift/Thrift.h usability
configure:12313: g++ -c -g -O3  conftest.cpp >&5
configure:12313: $? = 0
configure:12313: result: yes
configure:12313: checking thrift/Thrift.h presence
configure:12313: g++ -E  conftest.cpp
configure:12313: $? = 0
configure:12313: result: yes
configure:12313: checking for thrift/Thrift.h
configure:12313: result: yes
configure:12327: checking thrift/stdcxx.h usability
configure:12327: g++ -c -g -O3  conftest.cpp >&5
conftest.cpp:59:10: fatal error: thrift/stdcxx.h: No such file or directory
   59 | #include <thrift/stdcxx.h>
      |          ^~~~~~~~~~~~~~~~~
compilation terminated.
configure:12327: $? = 1
configure: failed program was:
| /* confdefs.h */
| #define PACKAGE_NAME "bm"
| #define PACKAGE_TARNAME "bm"
| #define PACKAGE_VERSION "1.15.0-f16d0de3"
| #define PACKAGE_STRING "bm 1.15.0-f16d0de3"
| #define PACKAGE_BUGREPORT "antonin@barefootnetworks.com"
| #define PACKAGE_URL ""
| #define PACKAGE "bm"
| #define VERSION "1.15.0-f16d0de3"
| #define WP4_16_STACKS /**/
| #define STDC_HEADERS 1
| #define HAVE_SYS_TYPES_H 1
| #define HAVE_SYS_STAT_H 1
| #define HAVE_STDLIB_H 1
| #define HAVE_STRING_H 1
| #define HAVE_MEMORY_H 1
| #define HAVE_STRINGS_H 1
| #define HAVE_INTTYPES_H 1
| #define HAVE_STDINT_H 1
| #define HAVE_UNISTD_H 1
| #define HAVE_DLFCN_H 1
| #define LT_OBJDIR ".libs/"
| #define HAVE_CXX11 1
| #define THRIFT_ON /**/
| /* end confdefs.h.  */
| #include <stdio.h>
| #ifdef HAVE_SYS_TYPES_H
| # include <sys/types.h>
| #endif
| #ifdef HAVE_SYS_STAT_H
| # include <sys/stat.h>
| #endif
| #ifdef STDC_HEADERS
| # include <stdlib.h>
| # include <stddef.h>
| #else
| # ifdef HAVE_STDLIB_H
| #  include <stdlib.h>
| # endif
| #endif
| #ifdef HAVE_STRING_H
| # if !defined STDC_HEADERS && defined HAVE_MEMORY_H
| #  include <memory.h>
| # endif
| # include <string.h>
| #endif
| #ifdef HAVE_STRINGS_H
| # include <strings.h>
| #endif
| #ifdef HAVE_INTTYPES_H
| # include <inttypes.h>
| #endif
| #ifdef HAVE_STDINT_H
| # include <stdint.h>
| #endif
| #ifdef HAVE_UNISTD_H
| # include <unistd.h>
| #endif
| #include <thrift/stdcxx.h>
configure:12327: result: no
configure:12327: checking thrift/stdcxx.h presence
configure:12327: g++ -E  conftest.cpp
conftest.cpp:26:10: fatal error: thrift/stdcxx.h: No such file or directory
   26 | #include <thrift/stdcxx.h>
      |          ^~~~~~~~~~~~~~~~~
compilation terminated.
configure:12327: $? = 1
configure: failed program was:
| /* confdefs.h */
| #define PACKAGE_NAME "bm"
| #define PACKAGE_TARNAME "bm"
| #define PACKAGE_VERSION "1.15.0-f16d0de3"
| #define PACKAGE_STRING "bm 1.15.0-f16d0de3"
| #define PACKAGE_BUGREPORT "antonin@barefootnetworks.com"
| #define PACKAGE_URL ""
| #define PACKAGE "bm"
| #define VERSION "1.15.0-f16d0de3"
| #define WP4_16_STACKS /**/
| #define STDC_HEADERS 1
| #define HAVE_SYS_TYPES_H 1
| #define HAVE_SYS_STAT_H 1
| #define HAVE_STDLIB_H 1
| #define HAVE_STRING_H 1
| #define HAVE_MEMORY_H 1
| #define HAVE_STRINGS_H 1
| #define HAVE_INTTYPES_H 1
| #define HAVE_STDINT_H 1
| #define HAVE_UNISTD_H 1
| #define HAVE_DLFCN_H 1
| #define LT_OBJDIR ".libs/"
| #define HAVE_CXX11 1
| #define THRIFT_ON /**/
| /* end confdefs.h.  */
| #include <thrift/stdcxx.h>
configure:12327: result: no
configure:12327: checking for thrift/stdcxx.h
configure:12327: result: no
configure:12338: checking for thrift version
configure:12360: g++ -o conftest -g -O3   conftest.cpp  >&5
configure:12360: $? = 0
configure:12360: ./conftest
configure:12360: $? = 0
configure:12406: checking algorithm usability
configure:12406: g++ -c -g -O3  conftest.cpp >&5
configure:12406: $? = 0
configure:12406: result: yes
configure:12406: checking algorithm presence
configure:12406: g++ -E  conftest.cpp
configure:12406: $? = 0
configure:12406: result: yes
configure:12406: checking for algorithm
configure:12406: result: yes
configure:12406: checking array usability
configure:12406: g++ -c -g -O3  conftest.cpp >&5
configure:12406: $? = 0
configure:12406: result: yes
configure:12406: checking array presence
configure:12406: g++ -E  conftest.cpp
configure:12406: $? = 0
configure:12406: result: yes
configure:12406: checking for array
configure:12406: result: yes
configure:12406: checking cassert usability
configure:12406: g++ -c -g -O3  conftest.cpp >&5
configure:12406: $? = 0
configure:12406: result: yes
configure:12406: checking cassert presence
configure:12406: g++ -E  conftest.cpp
configure:12406: $? = 0
configure:12406: result: yes
configure:12406: checking for cassert
configure:12406: result: yes
configure:12406: checking cmath usability
configure:12406: g++ -c -g -O3  conftest.cpp >&5
configure:12406: $? = 0
configure:12406: result: yes
configure:12406: checking cmath presence
configure:12406: g++ -E  conftest.cpp
configure:12406: $? = 0
configure:12406: result: yes
configure:12406: checking for cmath
configure:12406: result: yes
configure:12406: checking queue usability
configure:12406: g++ -c -g -O3  conftest.cpp >&5
configure:12406: $? = 0
configure:12406: result: yes
configure:12406: checking queue presence
configure:12406: g++ -E  conftest.cpp
configure:12406: $? = 0
configure:12406: result: yes
configure:12406: checking for queue
configure:12406: result: yes
configure:12406: checking cstdio usability
configure:12406: g++ -c -g -O3  conftest.cpp >&5
configure:12406: $? = 0
configure:12406: result: yes
configure:12406: checking cstdio presence
configure:12406: g++ -E  conftest.cpp
configure:12406: $? = 0
configure:12406: result: yes
configure:12406: checking for cstdio
configure:12406: result: yes
configure:12406: checking string usability
configure:12406: g++ -c -g -O3  conftest.cpp >&5
configure:12406: $? = 0
configure:12406: result: yes
configure:12406: checking string presence
configure:12406: g++ -E  conftest.cpp
configure:12406: $? = 0
configure:12406: result: yes
configure:12406: checking for string
configure:12406: result: yes
configure:12406: checking for sys/stat.h
configure:12406: result: yes
configure:12406: checking for sys/types.h
configure:12406: result: yes
configure:12406: checking ctime usability
configure:12406: g++ -c -g -O3  conftest.cpp >&5
configure:12406: $? = 0
configure:12406: result: yes
configure:12406: checking ctime presence
configure:12406: g++ -E  conftest.cpp
configure:12406: $? = 0
configure:12406: result: yes
configure:12406: checking for ctime
configure:12406: result: yes
configure:12406: checking tuple usability
configure:12406: g++ -c -g -O3  conftest.cpp >&5
configure:12406: $? = 0
configure:12406: result: yes
configure:12406: checking tuple presence
configure:12406: g++ -E  conftest.cpp
configure:12406: $? = 0
configure:12406: result: yes
configure:12406: checking for tuple
configure:12406: result: yes
configure:12406: checking for unistd.h
configure:12406: result: yes
configure:12406: checking unordered_map usability
configure:12406: g++ -c -g -O3  conftest.cpp >&5
configure:12406: $? = 0
configure:12406: result: yes
configure:12406: checking unordered_map presence
configure:12406: g++ -E  conftest.cpp
configure:12406: $? = 0
configure:12406: result: yes
configure:12406: checking for unordered_map
configure:12406: result: yes
configure:12406: checking utility usability
configure:12406: g++ -c -g -O3  conftest.cpp >&5
configure:12406: $? = 0
configure:12406: result: yes
configure:12406: checking utility presence
configure:12406: g++ -E  conftest.cpp
configure:12406: $? = 0
configure:12406: result: yes
configure:12406: checking for utility
configure:12406: result: yes
configure:12406: checking vector usability
configure:12406: g++ -c -g -O3  conftest.cpp >&5
configure:12406: $? = 0
configure:12406: result: yes
configure:12406: checking vector presence
configure:12406: g++ -E  conftest.cpp
configure:12406: $? = 0
configure:12406: result: yes
configure:12406: checking for vector
configure:12406: result: yes
configure:12421: checking for nn_errno in -lnanomsg
configure:12446: g++ -o conftest -g -O3   conftest.cpp -lnanomsg   >&5
configure:12446: $? = 0
configure:12455: result: yes
configure:12658: checking whether gcc is Clang
configure:12683: result: no
configure:12806: checking whether pthreads work with -pthread
configure:12900: gcc -o conftest -g -O3 -pthread   conftest.c  -lnanomsg  >&5
configure:12900: $? = 0
configure:12909: result: yes
configure:12928: checking for joinable pthread attribute
configure:12946: gcc -o conftest -g -O3 -pthread   conftest.c  -lnanomsg  >&5
configure:12946: $? = 0
configure:12954: result: PTHREAD_CREATE_JOINABLE
configure:12968: checking whether more special flags are required for pthreads
configure:12981: result: no
configure:12989: checking for PTHREAD_PRIO_INHERIT
configure:13005: gcc -o conftest -g -O3 -pthread   conftest.c  -lnanomsg  >&5
configure:13005: $? = 0
configure:13014: result: yes
configure:13116: checking for __gmpz_init in -lgmp
configure:13141: g++ -o conftest -g -O3   conftest.cpp -lgmp  -lnanomsg  >&5
configure:13141: $? = 0
configure:13150: result: yes
configure:13163: checking for pcap_create in -lpcap
configure:13188: g++ -o conftest -g -O3   conftest.cpp -lpcap  -lgmp -lnanomsg  >&5
configure:13188: $? = 0
configure:13197: result: yes
configure:13210: checking for pcap_set_immediate_mode in -lpcap
configure:13235: g++ -o conftest -g -O3   conftest.cpp -lpcap  -lpcap -lgmp -lnanomsg  >&5
configure:13235: $? = 0
configure:13244: result: yes
configure:13302: checking for compiler atomic support
configure:13318: g++ -o conftest -g -O3   conftest.cpp -lpcap -lgmp -lnanomsg  >&5
configure:13318: $? = 0
configure:13319: result: yes
configure:13498: checking for dlopen()
configure:13502: checking for dlfcn.h
configure:13502: result: yes
configure:13508: checking for library containing dlopen
configure:13539: g++ -o conftest -g -O3   conftest.cpp -lpcap -lgmp -lnanomsg  >&5
/usr/bin/ld: /tmp/cc34xc2F.o: in function `main':
/home/ubuntu/behavioral-model/conftest.cpp:60: undefined reference to `dlopen'
collect2: error: ld returned 1 exit status
configure:13539: $? = 1
configure: failed program was:
| /* confdefs.h */
| #define PACKAGE_NAME "bm"
| #define PACKAGE_TARNAME "bm"
| #define PACKAGE_VERSION "1.15.0-f16d0de3"
| #define PACKAGE_STRING "bm 1.15.0-f16d0de3"
| #define PACKAGE_BUGREPORT "antonin@barefootnetworks.com"
| #define PACKAGE_URL ""
| #define PACKAGE "bm"
| #define VERSION "1.15.0-f16d0de3"
| #define WP4_16_STACKS /**/
| #define STDC_HEADERS 1
| #define HAVE_SYS_TYPES_H 1
| #define HAVE_SYS_STAT_H 1
| #define HAVE_STDLIB_H 1
| #define HAVE_STRING_H 1
| #define HAVE_MEMORY_H 1
| #define HAVE_STRINGS_H 1
| #define HAVE_INTTYPES_H 1
| #define HAVE_STDINT_H 1
| #define HAVE_UNISTD_H 1
| #define HAVE_DLFCN_H 1
| #define LT_OBJDIR ".libs/"
| #define HAVE_CXX11 1
| #define THRIFT_ON /**/
| #define THRIFT_VERSION 1300
| #define HAVE_ALGORITHM 1
| #define HAVE_ARRAY 1
| #define HAVE_CASSERT 1
| #define HAVE_CMATH 1
| #define HAVE_QUEUE 1
| #define HAVE_CSTDIO 1
| #define HAVE_STRING 1
| #define HAVE_SYS_STAT_H 1
| #define HAVE_SYS_TYPES_H 1
| #define HAVE_CTIME 1
| #define HAVE_TUPLE 1
| #define HAVE_UNISTD_H 1
| #define HAVE_UNORDERED_MAP 1
| #define HAVE_UTILITY 1
| #define HAVE_VECTOR 1
| #define HAVE_LIBNANOMSG 1
| #define NANOMSG_ON /**/
| #define HAVE_PTHREAD_PRIO_INHERIT 1
| #define HAVE_PTHREAD 1
| #define HAVE_LIBGMP 1
| #define HAVE_LIBPCAP 1
| #define HAVE_DLFCN_H 1
| /* end confdefs.h.  */
| 
| /* Override any GCC internal prototype to avoid an error.
|    Use char because int might match the return type of a GCC
|    builtin and then its argument prototype would still apply.  */
| #ifdef __cplusplus
| extern "C"
| #endif
| char dlopen ();
| int
| main ()
| {
| return dlopen ();
|   ;
|   return 0;
| }
configure:13539: g++ -o conftest -g -O3   conftest.cpp -ldl  -lpcap -lgmp -lnanomsg  >&5
configure:13539: $? = 0
configure:13556: result: -ldl
configure:13610: checking boost/thread.hpp usability
configure:13610: g++ -c -g -O3  conftest.cpp >&5
configure:13610: $? = 0
configure:13610: result: yes
configure:13610: checking boost/thread.hpp presence
configure:13610: g++ -E  conftest.cpp
configure:13610: $? = 0
configure:13610: result: yes
configure:13610: checking for boost/thread.hpp
configure:13610: result: yes
configure:13619: checking for boost::thread in -lboost_thread
configure:13720: g++ -o conftest -g -O3   conftest.cpp -lboost_thread  -ldl -lpcap -lgmp -lnanomsg  >&5
configure:13720: $? = 0
configure:13756: result: yes
configure:13911: checking boost/multiprecision/gmp.hpp usability
configure:13911: g++ -c -g -O3  conftest.cpp >&5
configure:13911: $? = 0
configure:13911: result: yes
configure:13911: checking boost/multiprecision/gmp.hpp presence
configure:13911: g++ -E  conftest.cpp
configure:13911: $? = 0
configure:13911: result: yes
configure:13911: checking for boost/multiprecision/gmp.hpp
configure:13911: result: yes
configure:13919: checking boost/program_options.hpp usability
configure:13919: g++ -c -g -O3  conftest.cpp >&5
configure:13919: $? = 0
configure:13919: result: yes
configure:13919: checking boost/program_options.hpp presence
configure:13919: g++ -E  conftest.cpp
configure:13919: $? = 0
configure:13919: result: yes
configure:13919: checking for boost/program_options.hpp
configure:13919: result: yes
configure:13927: checking boost/functional/hash.hpp usability
configure:13927: g++ -c -g -O3  conftest.cpp >&5
configure:13927: $? = 0
configure:13927: result: yes
configure:13927: checking boost/functional/hash.hpp presence
configure:13927: g++ -E  conftest.cpp
configure:13927: $? = 0
configure:13927: result: yes
configure:13927: checking for boost/functional/hash.hpp
configure:13927: result: yes
configure:13935: checking boost/filesystem.hpp usability
configure:13935: g++ -c -g -O3  conftest.cpp >&5
configure:13935: $? = 0
configure:13935: result: yes
configure:13935: checking boost/filesystem.hpp presence
configure:13935: g++ -E  conftest.cpp
configure:13935: $? = 0
configure:13935: result: yes
configure:13935: checking for boost/filesystem.hpp
configure:13935: result: yes
configure:13943: checking boost/container/flat_set.hpp usability
configure:13943: g++ -c -g -O3  conftest.cpp >&5
configure:13943: $? = 0
configure:13943: result: yes
configure:13943: checking boost/container/flat_set.hpp presence
configure:13943: g++ -E  conftest.cpp
configure:13943: $? = 0
configure:13943: result: yes
configure:13943: checking for boost/container/flat_set.hpp
configure:13943: result: yes
configure:13971: checking for size_t
configure:13971: g++ -c -g -O3  conftest.cpp >&5
configure:13971: $? = 0
configure:13971: g++ -c -g -O3  conftest.cpp >&5
conftest.cpp: In function 'int main()':
conftest.cpp:88:20: error: expected primary-expression before ')' token
   88 | if (sizeof ((size_t)))
      |                    ^
configure:13971: $? = 1
configure: failed program was:
| /* confdefs.h */
| #define PACKAGE_NAME "bm"
| #define PACKAGE_TARNAME "bm"
| #define PACKAGE_VERSION "1.15.0-f16d0de3"
| #define PACKAGE_STRING "bm 1.15.0-f16d0de3"
| #define PACKAGE_BUGREPORT "antonin@barefootnetworks.com"
| #define PACKAGE_URL ""
| #define PACKAGE "bm"
| #define VERSION "1.15.0-f16d0de3"
| #define WP4_16_STACKS /**/
| #define STDC_HEADERS 1
| #define HAVE_SYS_TYPES_H 1
| #define HAVE_SYS_STAT_H 1
| #define HAVE_STDLIB_H 1
| #define HAVE_STRING_H 1
| #define HAVE_MEMORY_H 1
| #define HAVE_STRINGS_H 1
| #define HAVE_INTTYPES_H 1
| #define HAVE_STDINT_H 1
| #define HAVE_UNISTD_H 1
| #define HAVE_DLFCN_H 1
| #define LT_OBJDIR ".libs/"
| #define HAVE_CXX11 1
| #define THRIFT_ON /**/
| #define THRIFT_VERSION 1300
| #define HAVE_ALGORITHM 1
| #define HAVE_ARRAY 1
| #define HAVE_CASSERT 1
| #define HAVE_CMATH 1
| #define HAVE_QUEUE 1
| #define HAVE_CSTDIO 1
| #define HAVE_STRING 1
| #define HAVE_SYS_STAT_H 1
| #define HAVE_SYS_TYPES_H 1
| #define HAVE_CTIME 1
| #define HAVE_TUPLE 1
| #define HAVE_UNISTD_H 1
| #define HAVE_UNORDERED_MAP 1
| #define HAVE_UTILITY 1
| #define HAVE_VECTOR 1
| #define HAVE_LIBNANOMSG 1
| #define NANOMSG_ON /**/
| #define HAVE_PTHREAD_PRIO_INHERIT 1
| #define HAVE_PTHREAD 1
| #define HAVE_LIBGMP 1
| #define HAVE_LIBPCAP 1
| #define HAVE_DLFCN_H 1
| #define HAVE_DLOPEN /**/
| #define ENABLE_MODULES /**/
| #define HAVE_LIBBOOST_THREAD 1
| /* end confdefs.h.  */
| #include <stdio.h>
| #ifdef HAVE_SYS_TYPES_H
| # include <sys/types.h>
| #endif
| #ifdef HAVE_SYS_STAT_H
| # include <sys/stat.h>
| #endif
| #ifdef STDC_HEADERS
| # include <stdlib.h>
| # include <stddef.h>
| #else
| # ifdef HAVE_STDLIB_H
| #  include <stdlib.h>
| # endif
| #endif
| #ifdef HAVE_STRING_H
| # if !defined STDC_HEADERS && defined HAVE_MEMORY_H
| #  include <memory.h>
| # endif
| # include <string.h>
| #endif
| #ifdef HAVE_STRINGS_H
| # include <strings.h>
| #endif
| #ifdef HAVE_INTTYPES_H
| # include <inttypes.h>
| #endif
| #ifdef HAVE_STDINT_H
| # include <stdint.h>
| #endif
| #ifdef HAVE_UNISTD_H
| # include <unistd.h>
| #endif
| int
| main ()
| {
| if (sizeof ((size_t)))
| 	    return 0;
|   ;
|   return 0;
| }
configure:13971: result: yes
configure:13982: checking for uint64_t
configure:13982: g++ -c -g -O3  conftest.cpp >&5
configure:13982: $? = 0
configure:13982: result: yes
configure:14057: checking for pkg-config
configure:14075: found /usr/bin/pkg-config
configure:14087: result: /usr/bin/pkg-config
configure:14112: checking pkg-config is at least version 0.9.0
configure:14115: result: yes
configure:14589: checking that generated files are newer than configure
configure:14595: result: done
configure:14662: creating ./config.status

## ---------------------- ##
## Running config.status. ##
## ---------------------- ##

This file was extended by bm config.status 1.15.0-f16d0de3, which was
generated by GNU Autoconf 2.69.  Invocation command line was

  CONFIG_FILES    = 
  CONFIG_HEADERS  = 
  CONFIG_LINKS    = 
  CONFIG_COMMANDS = 
  $ ./config.status 

on ubuntu

config.status:1260: creating Makefile
config.status:1260: creating thrift_src/Makefile
config.status:1260: creating third_party/Makefile
config.status:1260: creating third_party/gtest/Makefile
config.status:1260: creating third_party/jsoncpp/Makefile
config.status:1260: creating third_party/spdlog/Makefile
config.status:1260: creating include/Makefile
config.status:1260: creating src/Makefile
config.status:1260: creating src/bf_lpm_trie/Makefile
config.status:1260: creating src/bm_sim/Makefile
config.status:1260: creating src/bm_runtime/Makefile
config.status:1260: creating src/BMI/Makefile
config.status:1260: creating src/bm_apps/Makefile
config.status:1260: creating src/bm_apps/examples/Makefile
config.status:1260: creating services/Makefile
config.status:1260: creating targets/Makefile
config.status:1260: creating targets/simple_router/Makefile
config.status:1260: creating targets/l2_switch/Makefile
config.status:1260: creating targets/l2_switch/learn_client/Makefile
config.status:1260: creating targets/simple_switch/Makefile
config.status:1260: creating targets/simple_switch/tests/Makefile
config.status:1260: creating targets/simple_switch/tests/CLI_tests/Makefile
config.status:1260: creating targets/psa_switch/Makefile
config.status:1260: creating targets/psa_switch/tests/Makefile
config.status:1260: creating tests/Makefile
config.status:1260: creating tests/stress_tests/Makefile
config.status:1260: creating tools/Makefile
config.status:1260: creating pdfixed/Makefile
config.status:1260: creating pdfixed/include/Makefile
config.status:1260: creating PI/Makefile
config.status:1260: creating tests/utils.cpp
config.status:1260: creating src/bm_sim/version.cpp
config.status:1260: creating mininet/stress_test_ipv4.py
config.status:1260: creating targets/simple_switch/tests/CLI_tests/run_one_test.py
config.status:1260: creating config.h
config.status:1489: executing depfiles commands
config.status:1566: cd third_party/gtest       && sed -e '/# am--include-marker/d' Makefile         | make -f - am--depfiles
config.status:1571: $? = 0
config.status:1566: cd third_party/jsoncpp       && sed -e '/# am--include-marker/d' Makefile         | make -f - am--depfiles
config.status:1571: $? = 0
config.status:1566: cd src       && sed -e '/# am--include-marker/d' Makefile         | make -f - am--depfiles
config.status:1571: $? = 0
config.status:1566: cd src/bf_lpm_trie       && sed -e '/# am--include-marker/d' Makefile         | make -f - am--depfiles
config.status:1571: $? = 0
config.status:1566: cd src/bm_sim       && sed -e '/# am--include-marker/d' Makefile         | make -f - am--depfiles
config.status:1571: $? = 0
config.status:1566: cd src/bm_runtime       && sed -e '/# am--include-marker/d' Makefile         | make -f - am--depfiles
config.status:1571: $? = 0
config.status:1566: cd src/BMI       && sed -e '/# am--include-marker/d' Makefile         | make -f - am--depfiles
config.status:1571: $? = 0
config.status:1566: cd src/bm_apps       && sed -e '/# am--include-marker/d' Makefile         | make -f - am--depfiles
config.status:1571: $? = 0
config.status:1566: cd src/bm_apps/examples       && sed -e '/# am--include-marker/d' Makefile         | make -f - am--depfiles
config.status:1571: $? = 0
config.status:1566: cd services       && sed -e '/# am--include-marker/d' Makefile         | make -f - am--depfiles
config.status:1571: $? = 0
config.status:1566: cd targets/simple_router       && sed -e '/# am--include-marker/d' Makefile         | make -f - am--depfiles
config.status:1571: $? = 0
config.status:1566: cd targets/l2_switch       && sed -e '/# am--include-marker/d' Makefile         | make -f - am--depfiles
config.status:1571: $? = 0
config.status:1566: cd targets/l2_switch/learn_client       && sed -e '/# am--include-marker/d' Makefile         | make -f - am--depfiles
config.status:1571: $? = 0
config.status:1566: cd targets/simple_switch       && sed -e '/# am--include-marker/d' Makefile         | make -f - am--depfiles
config.status:1571: $? = 0
config.status:1566: cd targets/simple_switch/tests       && sed -e '/# am--include-marker/d' Makefile         | make -f - am--depfiles
config.status:1571: $? = 0
config.status:1566: cd targets/psa_switch       && sed -e '/# am--include-marker/d' Makefile         | make -f - am--depfiles
config.status:1571: $? = 0
config.status:1566: cd targets/psa_switch/tests       && sed -e '/# am--include-marker/d' Makefile         | make -f - am--depfiles
config.status:1571: $? = 0
config.status:1566: cd tests       && sed -e '/# am--include-marker/d' Makefile         | make -f - am--depfiles
config.status:1571: $? = 0
config.status:1566: cd tests/stress_tests       && sed -e '/# am--include-marker/d' Makefile         | make -f - am--depfiles
config.status:1571: $? = 0
config.status:1566: cd pdfixed       && sed -e '/# am--include-marker/d' Makefile         | make -f - am--depfiles
config.status:1571: $? = 0
config.status:1566: cd PI       && sed -e '/# am--include-marker/d' Makefile         | make -f - am--depfiles
config.status:1571: $? = 0
config.status:1489: executing libtool commands
config.status:1489: executing include/bm/config.h commands
config.status:2331: creating include/bm/config.h - prefix BM for config.h defines

## ---------------- ##
## Cache variables. ##
## ---------------- ##

ac_cv_build=aarch64-unknown-linux-gnu
ac_cv_c_compiler_gnu=yes
ac_cv_c_uint64_t=yes
ac_cv_cxx_compiler_gnu=yes
ac_cv_env_CCC_set=
ac_cv_env_CCC_value=
ac_cv_env_CC_set=
ac_cv_env_CC_value=
ac_cv_env_CFLAGS_set=set
ac_cv_env_CFLAGS_value='-g -O3'
ac_cv_env_CPPFLAGS_set=
ac_cv_env_CPPFLAGS_value=
ac_cv_env_CPP_set=
ac_cv_env_CPP_value=
ac_cv_env_CXXCPP_set=
ac_cv_env_CXXCPP_value=
ac_cv_env_CXXFLAGS_set=set
ac_cv_env_CXXFLAGS_value='-g -O3'
ac_cv_env_CXX_set=
ac_cv_env_CXX_value=
ac_cv_env_GRPC_CFLAGS_set=
ac_cv_env_GRPC_CFLAGS_value=
ac_cv_env_GRPC_LIBS_set=
ac_cv_env_GRPC_LIBS_value=
ac_cv_env_LDFLAGS_set=
ac_cv_env_LDFLAGS_value=
ac_cv_env_LIBS_set=
ac_cv_env_LIBS_value=
ac_cv_env_LT_SYS_LIBRARY_PATH_set=
ac_cv_env_LT_SYS_LIBRARY_PATH_value=
ac_cv_env_PKG_CONFIG_LIBDIR_set=
ac_cv_env_PKG_CONFIG_LIBDIR_value=
ac_cv_env_PKG_CONFIG_PATH_set=
ac_cv_env_PKG_CONFIG_PATH_value=
ac_cv_env_PKG_CONFIG_set=
ac_cv_env_PKG_CONFIG_value=
ac_cv_env_PROTOBUF_CFLAGS_set=
ac_cv_env_PROTOBUF_CFLAGS_value=
ac_cv_env_PROTOBUF_LIBS_set=
ac_cv_env_PROTOBUF_LIBS_value=
ac_cv_env_PYTHON_set=
ac_cv_env_PYTHON_value=
ac_cv_env_build_alias_set=
ac_cv_env_build_alias_value=
ac_cv_env_host_alias_set=
ac_cv_env_host_alias_value=
ac_cv_env_target_alias_set=
ac_cv_env_target_alias_value=
ac_cv_header_algorithm=yes
ac_cv_header_array=yes
ac_cv_header_boost_container_flat_set_hpp=yes
ac_cv_header_boost_filesystem_hpp=yes
ac_cv_header_boost_functional_hash_hpp=yes
ac_cv_header_boost_multiprecision_gmp_hpp=yes
ac_cv_header_boost_program_options_hpp=yes
ac_cv_header_boost_thread_hpp=yes
ac_cv_header_cassert=yes
ac_cv_header_cmath=yes
ac_cv_header_cstdio=yes
ac_cv_header_ctime=yes
ac_cv_header_dlfcn_h=yes
ac_cv_header_inttypes_h=yes
ac_cv_header_memory_h=yes
ac_cv_header_queue=yes
ac_cv_header_stdc=yes
ac_cv_header_stdint_h=yes
ac_cv_header_stdlib_h=yes
ac_cv_header_string=yes
ac_cv_header_string_h=yes
ac_cv_header_strings_h=yes
ac_cv_header_sys_stat_h=yes
ac_cv_header_sys_types_h=yes
ac_cv_header_thrift_Thrift_h=yes
ac_cv_header_thrift_stdcxx_h=no
ac_cv_header_tuple=yes
ac_cv_header_unistd_h=yes
ac_cv_header_unordered_map=yes
ac_cv_header_utility=yes
ac_cv_header_vector=yes
ac_cv_host=aarch64-unknown-linux-gnu
ac_cv_lib_boost_thread_boost__thread=yes
ac_cv_lib_gmp___gmpz_init=yes
ac_cv_lib_nanomsg_nn_errno=yes
ac_cv_lib_pcap_pcap_create=yes
ac_cv_lib_pcap_pcap_set_immediate_mode=yes
ac_cv_objext=o
ac_cv_path_EGREP='/usr/bin/grep -E'
ac_cv_path_FGREP='/usr/bin/grep -F'
ac_cv_path_GREP=/usr/bin/grep
ac_cv_path_PYTHON=/usr/bin/python3
ac_cv_path_SED=/usr/bin/sed
ac_cv_path_THRIFT=/usr/bin/thrift
ac_cv_path_ac_pt_PKG_CONFIG=/usr/bin/pkg-config
ac_cv_path_install='/usr/bin/install -c'
ac_cv_path_lt_DD=/usr/bin/dd
ac_cv_path_mkdir=/usr/bin/mkdir
ac_cv_prog_AWK=gawk
ac_cv_prog_CPP='gcc -E'
ac_cv_prog_CXXCPP='g++ -E'
ac_cv_prog_ac_ct_AR=ar
ac_cv_prog_ac_ct_CC=gcc
ac_cv_prog_ac_ct_CXX=g++
ac_cv_prog_ac_ct_MANIFEST_TOOL=mt
ac_cv_prog_ac_ct_OBJDUMP=objdump
ac_cv_prog_ac_ct_RANLIB=ranlib
ac_cv_prog_ac_ct_STRIP=strip
ac_cv_prog_cc_c89=
ac_cv_prog_cc_g=yes
ac_cv_prog_cxx_g=yes
ac_cv_prog_make_make_set=yes
ac_cv_search_dlopen=-ldl
ac_cv_type_size_t=yes
am_cv_CC_dependencies_compiler_type=gcc3
am_cv_CXX_dependencies_compiler_type=gcc3
am_cv_make_support_nested_variables=yes
am_cv_pathless_PYTHON=python3
am_cv_prog_cc_c_o=yes
am_cv_python_platform=linux
am_cv_python_pyexecdir='${exec_prefix}/lib/python3.8/site-packages'
am_cv_python_pythondir='${prefix}/lib/python3.8/site-packages'
am_cv_python_version=3.8
ax_cv_PTHREAD_CLANG=no
ax_cv_PTHREAD_JOINABLE_ATTR=PTHREAD_CREATE_JOINABLE
ax_cv_PTHREAD_PRIO_INHERIT=yes
ax_cv_PTHREAD_SPECIAL_FLAGS=no
ax_cv_cxx_compile_cxx11=yes
lt_cv_ar_at_file=@
lt_cv_archive_cmds_need_lc=no
lt_cv_deplibs_check_method=pass_all
lt_cv_file_magic_cmd='$MAGIC_CMD'
lt_cv_file_magic_test_file=
lt_cv_ld_reload_flag=-r
lt_cv_nm_interface='BSD nm'
lt_cv_objdir=.libs
lt_cv_path_LD=/usr/bin/ld
lt_cv_path_LDCXX=/usr/bin/ld
lt_cv_path_NM='/usr/bin/nm -B'
lt_cv_path_mainfest_tool=no
lt_cv_prog_compiler_c_o=yes
lt_cv_prog_compiler_c_o_CXX=yes
lt_cv_prog_compiler_pic='-fPIC -DPIC'
lt_cv_prog_compiler_pic_CXX='-fPIC -DPIC'
lt_cv_prog_compiler_pic_works=yes
lt_cv_prog_compiler_pic_works_CXX=yes
lt_cv_prog_compiler_rtti_exceptions=no
lt_cv_prog_compiler_static_works=yes
lt_cv_prog_compiler_static_works_CXX=yes
lt_cv_prog_gnu_ld=yes
lt_cv_prog_gnu_ldcxx=yes
lt_cv_sharedlib_from_linklib_cmd='printf %s\n'
lt_cv_shlibpath_overrides_runpath=yes
lt_cv_sys_global_symbol_pipe='sed -n -e '\''s/^.*[	 ]\([ABCDGIRSTW][ABCDGIRSTW]*\)[	 ][	 ]*\([_A-Za-z][_A-Za-z0-9]*\)$/\1 \2 \2/p'\'' | sed '\''/ __gnu_lto/d'\'''
lt_cv_sys_global_symbol_to_c_name_address='sed -n -e '\''s/^: \(.*\) .*$/  {"\1", (void *) 0},/p'\'' -e '\''s/^[ABCDGIRSTW][ABCDGIRSTW]* .* \(.*\)$/  {"\1", (void *) \&\1},/p'\'''
lt_cv_sys_global_symbol_to_c_name_address_lib_prefix='sed -n -e '\''s/^: \(.*\) .*$/  {"\1", (void *) 0},/p'\'' -e '\''s/^[ABCDGIRSTW][ABCDGIRSTW]* .* \(lib.*\)$/  {"\1", (void *) \&\1},/p'\'' -e '\''s/^[ABCDGIRSTW][ABCDGIRSTW]* .* \(.*\)$/  {"lib\1", (void *) \&\1},/p'\'''
lt_cv_sys_global_symbol_to_cdecl='sed -n -e '\''s/^T .* \(.*\)$/extern int \1();/p'\'' -e '\''s/^[ABCDGIRSTW][ABCDGIRSTW]* .* \(.*\)$/extern char \1;/p'\'''
lt_cv_sys_global_symbol_to_import=
lt_cv_sys_max_cmd_len=1572864
lt_cv_to_host_file_cmd=func_convert_file_noop
lt_cv_to_tool_file_cmd=func_convert_file_noop
lt_cv_truncate_bin='/usr/bin/dd bs=4096 count=1'

## ----------------- ##
## Output variables. ##
## ----------------- ##

ACLOCAL='${SHELL} /home/ubuntu/behavioral-model/missing aclocal-1.16'
AMDEPBACKSLASH='\'
AMDEP_FALSE='#'
AMDEP_TRUE=''
AMTAR='$${TAR-tar}'
AM_BACKSLASH='\'
AM_CFLAGS='-pthread'
AM_CPPFLAGS='-I$(top_srcdir)/include                           -I$(top_builddir)/include                           -isystem$(top_srcdir)/third_party/jsoncpp/include                           -isystem$(top_srcdir)/third_party/spdlog'
AM_CXXFLAGS='-Wall -Wextra -pthread'
AM_DEFAULT_V='$(AM_DEFAULT_VERBOSITY)'
AM_DEFAULT_VERBOSITY='1'
AM_V='$(V)'
AR='ar'
AUTOCONF='${SHELL} /home/ubuntu/behavioral-model/missing autoconf'
AUTOHEADER='${SHELL} /home/ubuntu/behavioral-model/missing autoheader'
AUTOMAKE='${SHELL} /home/ubuntu/behavioral-model/missing automake-1.16'
AWK='gawk'
BM_VERSION='1.15.0-f16d0de3'
CC='gcc'
CCDEPMODE='depmode=gcc3'
CFLAGS='-g -O3'
COND_NANOMSG_FALSE='#'
COND_NANOMSG_TRUE=''
COND_PDFIXED_FALSE=''
COND_PDFIXED_TRUE='#'
COND_PI_FALSE=''
COND_PI_TRUE='#'
COND_STRESS_TESTS_FALSE=''
COND_STRESS_TESTS_TRUE='#'
COND_TARGETS_FALSE='#'
COND_TARGETS_TRUE=''
COND_THRIFT_FALSE='#'
COND_THRIFT_TRUE=''
COVERAGE_FLAGS=''
CPP='gcc -E'
CPPFLAGS=''
CXX='g++'
CXXCPP='g++ -E'
CXXDEPMODE='depmode=gcc3'
CXXFLAGS='-g -O3'
CYGPATH_W='echo'
DEFS='-DHAVE_CONFIG_H'
DEPDIR='.deps'
DLLTOOL='false'
DSYMUTIL=''
DUMPBIN=''
ECHO_C=''
ECHO_N='-n'
ECHO_T=''
EGREP='/usr/bin/grep -E'
ENABLE_MODULES_FALSE='#'
ENABLE_MODULES_TRUE=''
EXEEXT=''
FGREP='/usr/bin/grep -F'
GREP='/usr/bin/grep'
GRPC_CFLAGS=''
GRPC_CPP_PLUGIN=''
GRPC_LIBS=''
GRPC_PY_PLUGIN=''
HAVE_CXX11='1'
HAVE_GRPC_PY_PLUGIN_FALSE=''
HAVE_GRPC_PY_PLUGIN_TRUE='#'
INSTALL_DATA='${INSTALL} -m 644'
INSTALL_PROGRAM='${INSTALL}'
INSTALL_SCRIPT='${INSTALL}'
INSTALL_STRIP_PROGRAM='$(install_sh) -c -s'
LD='/usr/bin/ld'
LDFLAGS=''
LIBOBJS=''
LIBS='-lboost_thread -ldl -lpcap -lgmp -lnanomsg '
LIBTOOL='$(SHELL) $(top_builddir)/libtool'
LIPO=''
LN_S='ln -s'
LTLIBOBJS=''
LT_SYS_LIBRARY_PATH=''
MAKEINFO='${SHELL} /home/ubuntu/behavioral-model/missing makeinfo'
MANIFEST_TOOL=':'
MKDIR_P='/usr/bin/mkdir -p'
NM='/usr/bin/nm -B'
NMEDIT=''
OBJDUMP='objdump'
OBJEXT='o'
OTOOL64=''
OTOOL=''
PACKAGE='bm'
PACKAGE_BUGREPORT='antonin@barefootnetworks.com'
PACKAGE_NAME='bm'
PACKAGE_STRING='bm 1.15.0-f16d0de3'
PACKAGE_TARNAME='bm'
PACKAGE_URL=''
PACKAGE_VERSION='1.15.0-f16d0de3'
PATH_SEPARATOR=':'
PKG_CONFIG='/usr/bin/pkg-config'
PKG_CONFIG_LIBDIR=''
PKG_CONFIG_PATH=''
PROTOBUF_CFLAGS=''
PROTOBUF_LIBS=''
PROTOC=''
PTHREAD_CC='gcc'
PTHREAD_CFLAGS='-pthread'
PTHREAD_LIBS=''
PYTHON='/usr/bin/python3'
PYTHON_EXEC_PREFIX='${exec_prefix}'
PYTHON_PLATFORM='linux'
PYTHON_PREFIX='${prefix}'
PYTHON_VERSION='3.8'
RANLIB='ranlib'
SED='/usr/bin/sed'
SET_MAKE=''
SHELL='/bin/bash'
SKIP_UNDETERMINISTIC_TESTS_FALSE=''
SKIP_UNDETERMINISTIC_TESTS_TRUE='#'
STRIP='strip'
THRIFT='/usr/bin/thrift'
THRIFT_LIB='-lthrift'
VERSION='1.15.0-f16d0de3'
WITH_PCAP_FIX_FALSE='#'
WITH_PCAP_FIX_TRUE=''
ac_ct_AR='ar'
ac_ct_CC='gcc'
ac_ct_CXX='g++'
ac_ct_DUMPBIN=''
am__EXEEXT_FALSE=''
am__EXEEXT_TRUE='#'
am__fastdepCC_FALSE='#'
am__fastdepCC_TRUE=''
am__fastdepCXX_FALSE='#'
am__fastdepCXX_TRUE=''
am__include='include'
am__isrc=''
am__leading_dot='.'
am__nodep='_no'
am__quote=''
am__tar='$${TAR-tar} chof - "$$tardir"'
am__untar='$${TAR-tar} xf -'
ax_pthread_config=''
bindir='${exec_prefix}/bin'
build='aarch64-unknown-linux-gnu'
build_alias=''
build_cpu='aarch64'
build_os='linux-gnu'
build_vendor='unknown'
datadir='${datarootdir}'
datarootdir='${prefix}/share'
docdir='${datarootdir}/doc/${PACKAGE_TARNAME}'
dvidir='${docdir}'
exec_prefix='${prefix}'
host='aarch64-unknown-linux-gnu'
host_alias=''
host_cpu='aarch64'
host_os='linux-gnu'
host_vendor='unknown'
htmldir='${docdir}'
includedir='${prefix}/include'
infodir='${datarootdir}/info'
install_sh='${SHELL} /home/ubuntu/behavioral-model/install-sh'
libdir='${exec_prefix}/lib'
libexecdir='${exec_prefix}/libexec'
localedir='${datarootdir}/locale'
localstatedir='${prefix}/var'
mandir='${datarootdir}/man'
mkdir_p='$(MKDIR_P)'
oldincludedir='/usr/include'
pdfdir='${docdir}'
pkgpyexecdir='${pyexecdir}/bm'
pkgpythondir='${pythondir}/bm'
prefix='/usr/local'
program_transform_name='s,x,x,'
psdir='${docdir}'
pyexecdir='${exec_prefix}/lib/python3.8/site-packages'
pythondir='${prefix}/lib/python3.8/site-packages'
runstatedir='${localstatedir}/run'
sbindir='${exec_prefix}/sbin'
sharedstatedir='${prefix}/com'
subdirs=''
sysconfdir='${prefix}/etc'
target_alias=''

## ----------- ##
## confdefs.h. ##
## ----------- ##

/* confdefs.h */
#define PACKAGE_NAME "bm"
#define PACKAGE_TARNAME "bm"
#define PACKAGE_VERSION "1.15.0-f16d0de3"
#define PACKAGE_STRING "bm 1.15.0-f16d0de3"
#define PACKAGE_BUGREPORT "antonin@barefootnetworks.com"
#define PACKAGE_URL ""
#define PACKAGE "bm"
#define VERSION "1.15.0-f16d0de3"
#define WP4_16_STACKS /**/
#define STDC_HEADERS 1
#define HAVE_SYS_TYPES_H 1
#define HAVE_SYS_STAT_H 1
#define HAVE_STDLIB_H 1
#define HAVE_STRING_H 1
#define HAVE_MEMORY_H 1
#define HAVE_STRINGS_H 1
#define HAVE_INTTYPES_H 1
#define HAVE_STDINT_H 1
#define HAVE_UNISTD_H 1
#define HAVE_DLFCN_H 1
#define LT_OBJDIR ".libs/"
#define HAVE_CXX11 1
#define THRIFT_ON /**/
#define THRIFT_VERSION 1300
#define HAVE_ALGORITHM 1
#define HAVE_ARRAY 1
#define HAVE_CASSERT 1
#define HAVE_CMATH 1
#define HAVE_QUEUE 1
#define HAVE_CSTDIO 1
#define HAVE_STRING 1
#define HAVE_SYS_STAT_H 1
#define HAVE_SYS_TYPES_H 1
#define HAVE_CTIME 1
#define HAVE_TUPLE 1
#define HAVE_UNISTD_H 1
#define HAVE_UNORDERED_MAP 1
#define HAVE_UTILITY 1
#define HAVE_VECTOR 1
#define HAVE_LIBNANOMSG 1
#define NANOMSG_ON /**/
#define HAVE_PTHREAD_PRIO_INHERIT 1
#define HAVE_PTHREAD 1
#define HAVE_LIBGMP 1
#define HAVE_LIBPCAP 1
#define HAVE_DLFCN_H 1
#define HAVE_DLOPEN /**/
#define ENABLE_MODULES /**/
#define HAVE_LIBBOOST_THREAD 1

configure: exit 0
